[Thu Apr 27 2017 11:07:45 GMT+0800 (中国标准时间)]/
TypeError: mongodb.MongoClient.connect is not a function
    at Function.Post.getTen (D:\Program Files\nodejs\blog\models\post.js:94:10)
    at D:\Program Files\nodejs\blog\routes\index.js:32:8
    at callbacks (D:\Program Files\nodejs\blog\node_modules\express\lib\router\index.js:164:37)
    at param (D:\Program Files\nodejs\blog\node_modules\express\lib\router\index.js:138:11)
    at pass (D:\Program Files\nodejs\blog\node_modules\express\lib\router\index.js:145:5)
    at Router._dispatch (D:\Program Files\nodejs\blog\node_modules\express\lib\router\index.js:173:5)
    at Object.router (D:\Program Files\nodejs\blog\node_modules\express\lib\router\index.js:33:10)
    at next (D:\Program Files\nodejs\blog\node_modules\connect\lib\proto.js:174:15)
    at Object.initialize [as handle] (D:\Program Files\nodejs\blog\node_modules\passport\lib\middleware\initialize.js:53:5)
    at next (D:\Program Files\nodejs\blog\node_modules\connect\lib\proto.js:174:15)
    at Object.session [as handle] (D:\Program Files\nodejs\blog\node_modules\express-session\index.js:398:7)
    at next (D:\Program Files\nodejs\blog\node_modules\connect\lib\proto.js:174:15)
    at Object.cookieParser [as handle] (D:\Program Files\nodejs\blog\node_modules\cookie-parser\index.js:48:5)
    at next (D:\Program Files\nodejs\blog\node_modules\connect\lib\proto.js:174:15)
    at methodOverride (D:\Program Files\nodejs\blog\node_modules\method-override\index.js:79:5)
    at D:\Program Files\nodejs\blog\node_modules\connect\lib\middleware\methodOverride.js:41:7
[Thu Apr 27 2017 11:09:42 GMT+0800 (中国标准时间)]/
TypeError: mongodb.MongoClient.connect is not a function
    at Function.Post.getTen (D:\Program Files\nodejs\blog\models\post.js:94:10)
    at D:\Program Files\nodejs\blog\routes\index.js:32:8
    at callbacks (D:\Program Files\nodejs\blog\node_modules\express\lib\router\index.js:164:37)
    at param (D:\Program Files\nodejs\blog\node_modules\express\lib\router\index.js:138:11)
    at pass (D:\Program Files\nodejs\blog\node_modules\express\lib\router\index.js:145:5)
    at Router._dispatch (D:\Program Files\nodejs\blog\node_modules\express\lib\router\index.js:173:5)
    at Object.router (D:\Program Files\nodejs\blog\node_modules\express\lib\router\index.js:33:10)
    at next (D:\Program Files\nodejs\blog\node_modules\connect\lib\proto.js:174:15)
    at Object.initialize [as handle] (D:\Program Files\nodejs\blog\node_modules\passport\lib\middleware\initialize.js:53:5)
    at next (D:\Program Files\nodejs\blog\node_modules\connect\lib\proto.js:174:15)
    at Immediate.<anonymous> (D:\Program Files\nodejs\blog\node_modules\express-session\index.js:433:7)
    at runCallback (timers.js:655:20)
    at tryOnImmediate (timers.js:624:5)
    at processImmediate [as _immediateCallback] (timers.js:596:5)
[Thu Apr 27 2017 11:09:46 GMT+0800 (中国标准时间)]/
TypeError: mongodb.MongoClient.connect is not a function
    at Function.Post.getTen (D:\Program Files\nodejs\blog\models\post.js:94:10)
    at D:\Program Files\nodejs\blog\routes\index.js:32:8
    at callbacks (D:\Program Files\nodejs\blog\node_modules\express\lib\router\index.js:164:37)
    at param (D:\Program Files\nodejs\blog\node_modules\express\lib\router\index.js:138:11)
    at pass (D:\Program Files\nodejs\blog\node_modules\express\lib\router\index.js:145:5)
    at Router._dispatch (D:\Program Files\nodejs\blog\node_modules\express\lib\router\index.js:173:5)
    at Object.router (D:\Program Files\nodejs\blog\node_modules\express\lib\router\index.js:33:10)
    at next (D:\Program Files\nodejs\blog\node_modules\connect\lib\proto.js:174:15)
    at Object.initialize [as handle] (D:\Program Files\nodejs\blog\node_modules\passport\lib\middleware\initialize.js:53:5)
    at next (D:\Program Files\nodejs\blog\node_modules\connect\lib\proto.js:174:15)
    at Immediate.<anonymous> (D:\Program Files\nodejs\blog\node_modules\express-session\index.js:433:7)
    at runCallback (timers.js:655:20)
    at tryOnImmediate (timers.js:624:5)
    at processImmediate [as _immediateCallback] (timers.js:596:5)
[Thu Apr 27 2017 11:14:09 GMT+0800 (中国标准时间)]/
TypeError: mongodb.MongoClient.connect is not a function
    at Function.Post.getTen (D:\Program Files\nodejs\blog\models\post.js:94:10)
    at D:\Program Files\nodejs\blog\routes\index.js:32:8
    at callbacks (D:\Program Files\nodejs\blog\node_modules\express\lib\router\index.js:164:37)
    at param (D:\Program Files\nodejs\blog\node_modules\express\lib\router\index.js:138:11)
    at pass (D:\Program Files\nodejs\blog\node_modules\express\lib\router\index.js:145:5)
    at Router._dispatch (D:\Program Files\nodejs\blog\node_modules\express\lib\router\index.js:173:5)
    at Object.router (D:\Program Files\nodejs\blog\node_modules\express\lib\router\index.js:33:10)
    at next (D:\Program Files\nodejs\blog\node_modules\connect\lib\proto.js:174:15)
    at Object.initialize [as handle] (D:\Program Files\nodejs\blog\node_modules\passport\lib\middleware\initialize.js:53:5)
    at next (D:\Program Files\nodejs\blog\node_modules\connect\lib\proto.js:174:15)
    at Immediate.<anonymous> (D:\Program Files\nodejs\blog\node_modules\express-session\index.js:433:7)
    at runCallback (timers.js:655:20)
    at tryOnImmediate (timers.js:624:5)
    at processImmediate [as _immediateCallback] (timers.js:596:5)
[Thu Apr 27 2017 11:15:37 GMT+0800 (中国标准时间)]/
TypeError: mongodb.MongoClient.connect is not a function
    at Function.Post.getTen (D:\Program Files\nodejs\blog\models\post.js:94:10)
    at D:\Program Files\nodejs\blog\routes\index.js:32:8
    at callbacks (D:\Program Files\nodejs\blog\node_modules\express\lib\router\index.js:164:37)
    at param (D:\Program Files\nodejs\blog\node_modules\express\lib\router\index.js:138:11)
    at pass (D:\Program Files\nodejs\blog\node_modules\express\lib\router\index.js:145:5)
    at Router._dispatch (D:\Program Files\nodejs\blog\node_modules\express\lib\router\index.js:173:5)
    at Object.router (D:\Program Files\nodejs\blog\node_modules\express\lib\router\index.js:33:10)
    at next (D:\Program Files\nodejs\blog\node_modules\connect\lib\proto.js:174:15)
    at Object.initialize [as handle] (D:\Program Files\nodejs\blog\node_modules\passport\lib\middleware\initialize.js:53:5)
    at next (D:\Program Files\nodejs\blog\node_modules\connect\lib\proto.js:174:15)
    at Immediate.<anonymous> (D:\Program Files\nodejs\blog\node_modules\express-session\index.js:433:7)
    at runCallback (timers.js:655:20)
    at tryOnImmediate (timers.js:624:5)
    at processImmediate [as _immediateCallback] (timers.js:596:5)
[Thu Apr 27 2017 11:15:38 GMT+0800 (中国标准时间)]/
TypeError: mongodb.MongoClient.connect is not a function
    at Function.Post.getTen (D:\Program Files\nodejs\blog\models\post.js:94:10)
    at D:\Program Files\nodejs\blog\routes\index.js:32:8
    at callbacks (D:\Program Files\nodejs\blog\node_modules\express\lib\router\index.js:164:37)
    at param (D:\Program Files\nodejs\blog\node_modules\express\lib\router\index.js:138:11)
    at pass (D:\Program Files\nodejs\blog\node_modules\express\lib\router\index.js:145:5)
    at Router._dispatch (D:\Program Files\nodejs\blog\node_modules\express\lib\router\index.js:173:5)
    at Object.router (D:\Program Files\nodejs\blog\node_modules\express\lib\router\index.js:33:10)
    at next (D:\Program Files\nodejs\blog\node_modules\connect\lib\proto.js:174:15)
    at Object.initialize [as handle] (D:\Program Files\nodejs\blog\node_modules\passport\lib\middleware\initialize.js:53:5)
    at next (D:\Program Files\nodejs\blog\node_modules\connect\lib\proto.js:174:15)
    at Immediate.<anonymous> (D:\Program Files\nodejs\blog\node_modules\express-session\index.js:433:7)
    at runCallback (timers.js:655:20)
    at tryOnImmediate (timers.js:624:5)
    at processImmediate [as _immediateCallback] (timers.js:596:5)
[Thu Apr 27 2017 11:15:56 GMT+0800 (中国标准时间)]/
TypeError: mongodb.MongoClient.connect is not a function
    at Function.Post.getTen (D:\Program Files\nodejs\blog\models\post.js:94:10)
    at D:\Program Files\nodejs\blog\routes\index.js:32:8
    at callbacks (D:\Program Files\nodejs\blog\node_modules\express\lib\router\index.js:164:37)
    at param (D:\Program Files\nodejs\blog\node_modules\express\lib\router\index.js:138:11)
    at pass (D:\Program Files\nodejs\blog\node_modules\express\lib\router\index.js:145:5)
    at Router._dispatch (D:\Program Files\nodejs\blog\node_modules\express\lib\router\index.js:173:5)
    at Object.router (D:\Program Files\nodejs\blog\node_modules\express\lib\router\index.js:33:10)
    at next (D:\Program Files\nodejs\blog\node_modules\connect\lib\proto.js:174:15)
    at Object.initialize [as handle] (D:\Program Files\nodejs\blog\node_modules\passport\lib\middleware\initialize.js:53:5)
    at next (D:\Program Files\nodejs\blog\node_modules\connect\lib\proto.js:174:15)
    at Immediate.<anonymous> (D:\Program Files\nodejs\blog\node_modules\express-session\index.js:433:7)
    at runCallback (timers.js:655:20)
    at tryOnImmediate (timers.js:624:5)
    at processImmediate [as _immediateCallback] (timers.js:596:5)
[Thu Apr 27 2017 11:18:36 GMT+0800 (中国标准时间)]/reg
TypeError: mongodb.MongoClient.connect is not a function
    at Function.User.get (D:\Program Files\nodejs\blog\models\user.js:53:10)
    at D:\Program Files\nodejs\blog\routes\index.js:76:8
    at callbacks (D:\Program Files\nodejs\blog\node_modules\express\lib\router\index.js:164:37)
    at param (D:\Program Files\nodejs\blog\node_modules\express\lib\router\index.js:138:11)
    at pass (D:\Program Files\nodejs\blog\node_modules\express\lib\router\index.js:145:5)
    at nextRoute (D:\Program Files\nodejs\blog\node_modules\express\lib\router\index.js:100:7)
    at callbacks (D:\Program Files\nodejs\blog\node_modules\express\lib\router\index.js:167:11)
    at checkNotLogin (D:\Program Files\nodejs\blog\routes\index.js:470:3)
    at callbacks (D:\Program Files\nodejs\blog\node_modules\express\lib\router\index.js:164:37)
    at param (D:\Program Files\nodejs\blog\node_modules\express\lib\router\index.js:138:11)
    at pass (D:\Program Files\nodejs\blog\node_modules\express\lib\router\index.js:145:5)
    at Router._dispatch (D:\Program Files\nodejs\blog\node_modules\express\lib\router\index.js:173:5)
    at Object.router (D:\Program Files\nodejs\blog\node_modules\express\lib\router\index.js:33:10)
    at next (D:\Program Files\nodejs\blog\node_modules\connect\lib\proto.js:174:15)
    at Object.initialize [as handle] (D:\Program Files\nodejs\blog\node_modules\passport\lib\middleware\initialize.js:53:5)
    at next (D:\Program Files\nodejs\blog\node_modules\connect\lib\proto.js:174:15)
[Thu Apr 27 2017 11:21:21 GMT+0800 (中国标准时间)]/
TypeError: mongodb.MongoClient.connect is not a function
    at Function.Post.getTen (D:\Program Files\nodejs\blog\models\post.js:94:10)
    at D:\Program Files\nodejs\blog\routes\index.js:32:8
    at callbacks (D:\Program Files\nodejs\blog\node_modules\express\lib\router\index.js:164:37)
    at param (D:\Program Files\nodejs\blog\node_modules\express\lib\router\index.js:138:11)
    at pass (D:\Program Files\nodejs\blog\node_modules\express\lib\router\index.js:145:5)
    at Router._dispatch (D:\Program Files\nodejs\blog\node_modules\express\lib\router\index.js:173:5)
    at Object.router (D:\Program Files\nodejs\blog\node_modules\express\lib\router\index.js:33:10)
    at next (D:\Program Files\nodejs\blog\node_modules\connect\lib\proto.js:174:15)
    at Object.initialize [as handle] (D:\Program Files\nodejs\blog\node_modules\passport\lib\middleware\initialize.js:53:5)
    at next (D:\Program Files\nodejs\blog\node_modules\connect\lib\proto.js:174:15)
    at Immediate.<anonymous> (D:\Program Files\nodejs\blog\node_modules\express-session\index.js:433:7)
    at runCallback (timers.js:655:20)
    at tryOnImmediate (timers.js:624:5)
    at processImmediate [as _immediateCallback] (timers.js:596:5)
[Thu Apr 27 2017 11:27:23 GMT+0800 (中国标准时间)]/
TypeError: mongodb.MongoClient.connect is not a function
    at Function.Post.getTen (D:\Program Files\nodejs\blog\models\post.js:94:10)
    at D:\Program Files\nodejs\blog\routes\index.js:32:8
    at callbacks (D:\Program Files\nodejs\blog\node_modules\express\lib\router\index.js:164:37)
    at param (D:\Program Files\nodejs\blog\node_modules\express\lib\router\index.js:138:11)
    at pass (D:\Program Files\nodejs\blog\node_modules\express\lib\router\index.js:145:5)
    at Router._dispatch (D:\Program Files\nodejs\blog\node_modules\express\lib\router\index.js:173:5)
    at Object.router (D:\Program Files\nodejs\blog\node_modules\express\lib\router\index.js:33:10)
    at next (D:\Program Files\nodejs\blog\node_modules\connect\lib\proto.js:174:15)
    at Object.initialize [as handle] (D:\Program Files\nodejs\blog\node_modules\passport\lib\middleware\initialize.js:53:5)
    at next (D:\Program Files\nodejs\blog\node_modules\connect\lib\proto.js:174:15)
    at Immediate.<anonymous> (D:\Program Files\nodejs\blog\node_modules\express-session\index.js:433:7)
    at runCallback (timers.js:655:20)
    at tryOnImmediate (timers.js:624:5)
    at processImmediate [as _immediateCallback] (timers.js:596:5)
[Thu Apr 27 2017 11:27:27 GMT+0800 (中国标准时间)]/
TypeError: mongodb.MongoClient.connect is not a function
    at Function.Post.getTen (D:\Program Files\nodejs\blog\models\post.js:94:10)
    at D:\Program Files\nodejs\blog\routes\index.js:32:8
    at callbacks (D:\Program Files\nodejs\blog\node_modules\express\lib\router\index.js:164:37)
    at param (D:\Program Files\nodejs\blog\node_modules\express\lib\router\index.js:138:11)
    at pass (D:\Program Files\nodejs\blog\node_modules\express\lib\router\index.js:145:5)
    at Router._dispatch (D:\Program Files\nodejs\blog\node_modules\express\lib\router\index.js:173:5)
    at Object.router (D:\Program Files\nodejs\blog\node_modules\express\lib\router\index.js:33:10)
    at next (D:\Program Files\nodejs\blog\node_modules\connect\lib\proto.js:174:15)
    at Object.initialize [as handle] (D:\Program Files\nodejs\blog\node_modules\passport\lib\middleware\initialize.js:53:5)
    at next (D:\Program Files\nodejs\blog\node_modules\connect\lib\proto.js:174:15)
    at Immediate.<anonymous> (D:\Program Files\nodejs\blog\node_modules\express-session\index.js:433:7)
    at runCallback (timers.js:655:20)
    at tryOnImmediate (timers.js:624:5)
    at processImmediate [as _immediateCallback] (timers.js:596:5)
[Thu Apr 27 2017 11:27:57 GMT+0800 (中国标准时间)]/
TypeError: mongodb.MongoClient.connect is not a function
    at Function.Post.getTen (D:\Program Files\nodejs\blog\models\post.js:94:10)
    at D:\Program Files\nodejs\blog\routes\index.js:33:8
    at callbacks (D:\Program Files\nodejs\blog\node_modules\express\lib\router\index.js:164:37)
    at param (D:\Program Files\nodejs\blog\node_modules\express\lib\router\index.js:138:11)
    at pass (D:\Program Files\nodejs\blog\node_modules\express\lib\router\index.js:145:5)
    at Router._dispatch (D:\Program Files\nodejs\blog\node_modules\express\lib\router\index.js:173:5)
    at Object.router (D:\Program Files\nodejs\blog\node_modules\express\lib\router\index.js:33:10)
    at next (D:\Program Files\nodejs\blog\node_modules\connect\lib\proto.js:174:15)
    at Object.initialize [as handle] (D:\Program Files\nodejs\blog\node_modules\passport\lib\middleware\initialize.js:53:5)
    at next (D:\Program Files\nodejs\blog\node_modules\connect\lib\proto.js:174:15)
    at Immediate.<anonymous> (D:\Program Files\nodejs\blog\node_modules\express-session\index.js:433:7)
    at runCallback (timers.js:655:20)
    at tryOnImmediate (timers.js:624:5)
    at processImmediate [as _immediateCallback] (timers.js:596:5)
[Thu Apr 27 2017 11:49:17 GMT+0800 (中国标准时间)]/post
TypeError: mongodb.open is not a function
    at Post.save (D:\Program Files\nodejs\blog\models\post.js:39:10)
    at D:\Program Files\nodejs\blog\routes\index.js:163:8
    at callbacks (D:\Program Files\nodejs\blog\node_modules\express\lib\router\index.js:164:37)
    at param (D:\Program Files\nodejs\blog\node_modules\express\lib\router\index.js:138:11)
    at pass (D:\Program Files\nodejs\blog\node_modules\express\lib\router\index.js:145:5)
    at nextRoute (D:\Program Files\nodejs\blog\node_modules\express\lib\router\index.js:100:7)
    at callbacks (D:\Program Files\nodejs\blog\node_modules\express\lib\router\index.js:167:11)
    at checkLogin (D:\Program Files\nodejs\blog\routes\index.js:463:3)
    at callbacks (D:\Program Files\nodejs\blog\node_modules\express\lib\router\index.js:164:37)
    at param (D:\Program Files\nodejs\blog\node_modules\express\lib\router\index.js:138:11)
    at pass (D:\Program Files\nodejs\blog\node_modules\express\lib\router\index.js:145:5)
    at Router._dispatch (D:\Program Files\nodejs\blog\node_modules\express\lib\router\index.js:173:5)
    at Object.router (D:\Program Files\nodejs\blog\node_modules\express\lib\router\index.js:33:10)
    at next (D:\Program Files\nodejs\blog\node_modules\connect\lib\proto.js:174:15)
    at Object.initialize [as handle] (D:\Program Files\nodejs\blog\node_modules\passport\lib\middleware\initialize.js:53:5)
    at next (D:\Program Files\nodejs\blog\node_modules\connect\lib\proto.js:174:15)
[Thu Apr 27 2017 11:51:16 GMT+0800 (中国标准时间)]/post
TypeError: Cannot read property 'name' of undefined
    at D:\Program Files\nodejs\blog\routes\index.js:162:29
    at callbacks (D:\Program Files\nodejs\blog\node_modules\express\lib\router\index.js:164:37)
    at param (D:\Program Files\nodejs\blog\node_modules\express\lib\router\index.js:138:11)
    at pass (D:\Program Files\nodejs\blog\node_modules\express\lib\router\index.js:145:5)
    at nextRoute (D:\Program Files\nodejs\blog\node_modules\express\lib\router\index.js:100:7)
    at callbacks (D:\Program Files\nodejs\blog\node_modules\express\lib\router\index.js:167:11)
    at checkLogin (D:\Program Files\nodejs\blog\routes\index.js:463:3)
    at callbacks (D:\Program Files\nodejs\blog\node_modules\express\lib\router\index.js:164:37)
    at param (D:\Program Files\nodejs\blog\node_modules\express\lib\router\index.js:138:11)
    at pass (D:\Program Files\nodejs\blog\node_modules\express\lib\router\index.js:145:5)
    at Router._dispatch (D:\Program Files\nodejs\blog\node_modules\express\lib\router\index.js:173:5)
    at Object.router (D:\Program Files\nodejs\blog\node_modules\express\lib\router\index.js:33:10)
    at next (D:\Program Files\nodejs\blog\node_modules\connect\lib\proto.js:174:15)
    at Object.initialize [as handle] (D:\Program Files\nodejs\blog\node_modules\passport\lib\middleware\initialize.js:53:5)
    at next (D:\Program Files\nodejs\blog\node_modules\connect\lib\proto.js:174:15)
    at Immediate.<anonymous> (D:\Program Files\nodejs\blog\node_modules\express-session\index.js:433:7)
[Thu Apr 27 2017 11:51:21 GMT+0800 (中国标准时间)]/post
Error: Can't set headers after they are sent.
    at ServerResponse.OutgoingMessage.setHeader (_http_outgoing.js:356:11)
    at ServerResponse.res.setHeader (D:\Program Files\nodejs\blog\node_modules\connect\lib\patch.js:134:22)
    at ServerResponse.res.set.res.header (D:\Program Files\nodejs\blog\node_modules\express\lib\response.js:595:10)
    at ServerResponse.res.send (D:\Program Files\nodejs\blog\node_modules\express\lib\response.js:151:12)
    at fn (D:\Program Files\nodejs\blog\node_modules\express\lib\response.js:841:10)
    at tryHandleCache (D:\Program Files\nodejs\blog\node_modules\ejs\lib\ejs.js:208:10)
    at View.exports.renderFile [as engine] (D:\Program Files\nodejs\blog\node_modules\ejs\lib\ejs.js:412:10)
    at View.render (D:\Program Files\nodejs\blog\node_modules\express\lib\view.js:76:8)
    at Function.app.render (D:\Program Files\nodejs\blog\node_modules\express\lib\application.js:561:10)
    at ServerResponse.res.render (D:\Program Files\nodejs\blog\node_modules\express\lib\response.js:845:7)
    at D:\Program Files\nodejs\blog\routes\index.js:151:7
    at callbacks (D:\Program Files\nodejs\blog\node_modules\express\lib\router\index.js:164:37)
    at param (D:\Program Files\nodejs\blog\node_modules\express\lib\router\index.js:138:11)
    at pass (D:\Program Files\nodejs\blog\node_modules\express\lib\router\index.js:145:5)
    at nextRoute (D:\Program Files\nodejs\blog\node_modules\express\lib\router\index.js:100:7)
    at callbacks (D:\Program Files\nodejs\blog\node_modules\express\lib\router\index.js:167:11)
[Thu Apr 27 2017 11:58:35 GMT+0800 (中国标准时间)]/post
TypeError: Cannot read property 'name' of undefined
    at D:\Program Files\nodejs\blog\routes\index.js:162:29
    at callbacks (D:\Program Files\nodejs\blog\node_modules\express\lib\router\index.js:164:37)
    at param (D:\Program Files\nodejs\blog\node_modules\express\lib\router\index.js:138:11)
    at pass (D:\Program Files\nodejs\blog\node_modules\express\lib\router\index.js:145:5)
    at nextRoute (D:\Program Files\nodejs\blog\node_modules\express\lib\router\index.js:100:7)
    at callbacks (D:\Program Files\nodejs\blog\node_modules\express\lib\router\index.js:167:11)
    at checkLogin (D:\Program Files\nodejs\blog\routes\index.js:463:3)
    at callbacks (D:\Program Files\nodejs\blog\node_modules\express\lib\router\index.js:164:37)
    at param (D:\Program Files\nodejs\blog\node_modules\express\lib\router\index.js:138:11)
    at pass (D:\Program Files\nodejs\blog\node_modules\express\lib\router\index.js:145:5)
    at Router._dispatch (D:\Program Files\nodejs\blog\node_modules\express\lib\router\index.js:173:5)
    at Object.router (D:\Program Files\nodejs\blog\node_modules\express\lib\router\index.js:33:10)
    at next (D:\Program Files\nodejs\blog\node_modules\connect\lib\proto.js:174:15)
    at Object.initialize [as handle] (D:\Program Files\nodejs\blog\node_modules\passport\lib\middleware\initialize.js:53:5)
    at next (D:\Program Files\nodejs\blog\node_modules\connect\lib\proto.js:174:15)
    at Immediate.<anonymous> (D:\Program Files\nodejs\blog\node_modules\express-session\index.js:433:7)
